<?xml version="1.0" encoding="UTF-8"?>
<!-- Generated by org.testng.reporters.JUnitXMLReporter -->
<testsuite ignored="0" hostname="Sheetal" failures="1" tests="2" name="Safri Browser tests" time="11.431" errors="0" timestamp="2023-10-01T14:50:46 PDT">
  <testcase classname="tests.LoginTests" name="loginTest2" time="3.352">
    <failure type="java.lang.AssertionError" message="expected [true] but found [false]">
      <![CDATA[java.lang.AssertionError: expected [true] but found [false]
at tests.LoginTests.loginTest2(LoginTests.java:54)
at java.base/java.util.ArrayList.forEach(ArrayList.java:1511)
... Removed 33 stack frames]]>
    </failure>
  </testcase> <!-- loginTest2 -->
  <testcase classname="tests.LoginTests" name="loginTest4A" time="1.744"/>
</testsuite> <!-- Safri Browser tests -->
